\BOOKMARK [0][]{FrontPage.0}{Front Page}{}% 1
\BOOKMARK [0][]{TitlePage.0}{Title Page}{}% 2
\BOOKMARK [0][]{LibraryPage.0}{Library Page}{}% 3
\BOOKMARK [0][]{theabsanchor-english.0}{Abstract}{}% 4
\BOOKMARK [0][]{theackanchor.0}{Acknowledgments}{}% 5
\BOOKMARK [0][]{thetocanchor.0}{Contents}{}% 6
\BOOKMARK [0][]{section*.3}{Notation}{}% 7
\BOOKMARK [0][]{chapter.1}{1 Introduction}{}% 8
\BOOKMARK [1][-]{section.1.1}{1.1 Research goals}{chapter.1}% 9
\BOOKMARK [1][-]{section.1.2}{1.2 Theoretical Background}{chapter.1}% 10
\BOOKMARK [2][-]{subsection.1.2.1}{1.2.1 Quantum mechanics and quantum field theory}{section.1.2}% 11
\BOOKMARK [2][-]{subsection.1.2.2}{1.2.2 Nuclear, particle and subatomic particle physics}{section.1.2}% 12
\BOOKMARK [2][-]{subsection.1.2.3}{1.2.3 The standard model of particle physics}{section.1.2}% 13
\BOOKMARK [2][-]{subsection.1.2.4}{1.2.4 Dark matter}{section.1.2}% 14
\BOOKMARK [2][-]{subsection.1.2.5}{1.2.5 Signal models}{section.1.2}% 15
\BOOKMARK [2][-]{subsection.1.2.6}{1.2.6 Jets}{section.1.2}% 16
\BOOKMARK [2][-]{subsection.1.2.7}{1.2.7 Search for WIMPS}{section.1.2}% 17
\BOOKMARK [1][-]{section.1.3}{1.3 Experimental overview}{chapter.1}% 18
\BOOKMARK [2][-]{subsection.1.3.1}{1.3.1 LHC}{section.1.3}% 19
\BOOKMARK [2][-]{subsection.1.3.2}{1.3.2 ATLAS}{section.1.3}% 20
\BOOKMARK [2][-]{subsection.1.3.3}{1.3.3 Coordinate system}{section.1.3}% 21
\BOOKMARK [2][-]{subsection.1.3.4}{1.3.4 Pile-up}{section.1.3}% 22
\BOOKMARK [2][-]{subsection.1.3.5}{1.3.5 Mono-jet analysis}{section.1.3}% 23
\BOOKMARK [2][-]{subsection.1.3.6}{1.3.6 Phase II high luminosity upgrade}{section.1.3}% 24
\BOOKMARK [2][-]{subsection.1.3.7}{1.3.7 Monte Carlo simulation}{section.1.3}% 25
\BOOKMARK [0][]{chapter.2}{2 Validation of smearing functions}{}% 26
\BOOKMARK [1][-]{section.2.1}{2.1 Smearing functions}{chapter.2}% 27
\BOOKMARK [2][-]{subsection.2.1.1}{2.1.1 Electron and photon}{section.2.1}% 28
\BOOKMARK [2][-]{subsection.2.1.2}{2.1.2 Muon}{section.2.1}% 29
\BOOKMARK [2][-]{subsection.2.1.3}{2.1.3 Tau}{section.2.1}% 30
\BOOKMARK [2][-]{subsection.2.1.4}{2.1.4 Jets}{section.2.1}% 31
\BOOKMARK [2][-]{subsection.2.1.5}{2.1.5 Missing Transverse Energy}{section.2.1}% 32
\BOOKMARK [1][-]{section.2.2}{2.2 Validation}{chapter.2}% 33
\BOOKMARK [2][-]{subsection.2.2.1}{2.2.1 Method}{section.2.2}% 34
\BOOKMARK [1][-]{section.2.3}{2.3 Results}{chapter.2}% 35
\BOOKMARK [2][-]{subsection.2.3.1}{2.3.1 Electron and photon}{section.2.3}% 36
\BOOKMARK [2][-]{subsection.2.3.2}{2.3.2 Muon}{section.2.3}% 37
\BOOKMARK [2][-]{subsection.2.3.3}{2.3.3 Tau}{section.2.3}% 38
\BOOKMARK [2][-]{subsection.2.3.4}{2.3.4 Jets}{section.2.3}% 39
\BOOKMARK [2][-]{subsection.2.3.5}{2.3.5 Missing Transversal Energy}{section.2.3}% 40
\BOOKMARK [2][-]{subsection.2.3.6}{2.3.6 Summary}{section.2.3}% 41
\BOOKMARK [1][-]{section.2.4}{2.4 Discussion}{chapter.2}% 42
\BOOKMARK [2][-]{subsection.2.4.1}{2.4.1 Dependence of smearing on pile-up}{section.2.4}% 43
\BOOKMARK [2][-]{subsection.2.4.2}{2.4.2 Comparison to expected results}{section.2.4}% 44
\BOOKMARK [1][-]{section.2.5}{2.5 Conclusion}{chapter.2}% 45
\BOOKMARK [0][]{chapter.3}{3 Sensitivity to dark matter signals}{}% 46
\BOOKMARK [1][-]{section.3.1}{3.1 Signal over background}{chapter.3}% 47
\BOOKMARK [2][-]{subsection.3.1.1}{3.1.1 Signal Region}{section.3.1}% 48
\BOOKMARK [2][-]{subsection.3.1.2}{3.1.2 Cross section and luminosity weighting}{section.3.1}% 49
\BOOKMARK [2][-]{subsection.3.1.3}{3.1.3 Background processes}{section.3.1}% 50
\BOOKMARK [2][-]{subsection.3.1.4}{3.1.4 Verification of background normalisation}{section.3.1}% 51
\BOOKMARK [2][-]{subsection.3.1.5}{3.1.5 Errors in background}{section.3.1}% 52
\BOOKMARK [2][-]{subsection.3.1.6}{3.1.6 Figure of merit}{section.3.1}% 53
\BOOKMARK [2][-]{subsection.3.1.7}{3.1.7 D5 operator models}{section.3.1}% 54
\BOOKMARK [2][-]{subsection.3.1.8}{3.1.8 Light vector mediator models}{section.3.1}% 55
\BOOKMARK [1][-]{section.3.2}{3.2 Signal regions}{chapter.3}% 56
\BOOKMARK [2][-]{subsection.3.2.1}{3.2.1 Signal region definitions}{section.3.2}% 57
\BOOKMARK [2][-]{subsection.3.2.2}{3.2.2 Verifying background data}{section.3.2}% 58
\BOOKMARK [1][-]{section.3.3}{3.3 Results}{chapter.3}% 59
\BOOKMARK [2][-]{subsection.3.3.1}{3.3.1 Verifying background data}{section.3.3}% 60
\BOOKMARK [2][-]{subsection.3.3.2}{3.3.2 Signal and background events in signal regions}{section.3.3}% 61
\BOOKMARK [2][-]{subsection.3.3.3}{3.3.3 Project exclusion limits on M*}{section.3.3}% 62
\BOOKMARK [2][-]{subsection.3.3.4}{3.3.4 Projection exclusion limits on mediator mass}{section.3.3}% 63
\BOOKMARK [1][-]{section.3.4}{3.4 Discussion}{chapter.3}% 64
\BOOKMARK [2][-]{subsection.3.4.1}{3.4.1 Comparison to previous results}{section.3.4}% 65
\BOOKMARK [2][-]{subsection.3.4.2}{3.4.2 Effect of the high luminosity}{section.3.4}% 66
\BOOKMARK [1][-]{section.3.5}{3.5 Conclusion}{chapter.3}% 67
\BOOKMARK [2][-]{subsection.3.5.1}{3.5.1 Limit on M*}{section.3.5}% 68
\BOOKMARK [2][-]{subsection.3.5.2}{3.5.2 Limit on mediator mass}{section.3.5}% 69
\BOOKMARK [2][-]{subsection.3.5.3}{3.5.3 Effect of the high luminosity}{section.3.5}% 70
\BOOKMARK [0][]{chapter.4}{4 Final remarks}{}% 71
\BOOKMARK [0][]{appendix.A}{A Datasets}{}% 72
\BOOKMARK [1][-]{section.A.1}{A.1 Background processes}{appendix.A}% 73
\BOOKMARK [2][-]{subsection.A.1.1}{A.1.1 Validation}{section.A.1}% 74
\BOOKMARK [2][-]{subsection.A.1.2}{A.1.2 Background for signals}{section.A.1}% 75
\BOOKMARK [1][-]{section.A.2}{A.2 Signals}{appendix.A}% 76
\BOOKMARK [2][-]{subsection.A.2.1}{A.2.1 Qcut}{section.A.2}% 77
\BOOKMARK [2][-]{subsection.A.2.2}{A.2.2 D5 signal processes}{section.A.2}% 78
\BOOKMARK [2][-]{subsection.A.2.3}{A.2.3 Light vector mediator processes}{section.A.2}% 79
\BOOKMARK [0][]{appendix*.45}{Bibliography}{}% 80
\BOOKMARK [0][]{Copyright.0}{Copyright}{}% 81
