This is pdfTeX, Version 3.1415926-2.3-1.40.12 (MiKTeX 2.9) (preloaded format=pdflatex 2014.5.10)  3 JUN 2014 22:05
entering extended mode
**presto4a4.tex
(C:\Users\Patha\Desktop\Finalpresentation\presto4a4.tex
LaTeX2e <2011/06/27>
Babel <v3.8m> and hyphenation patterns for english, afrikaans, ancientgreek, ar
abic, armenian, assamese, basque, bengali, bokmal, bulgarian, catalan, coptic, 
croatian, czech, danish, dutch, esperanto, estonian, farsi, finnish, french, ga
lician, german, german-x-2009-06-19, greek, gujarati, hindi, hungarian, iceland
ic, indonesian, interlingua, irish, italian, kannada, kurmanji, lao, latin, lat
vian, lithuanian, malayalam, marathi, mongolian, mongolianlmc, monogreek, ngerm
an, ngerman-x-2009-06-19, nynorsk, oriya, panjabi, pinyin, polish, portuguese, 
romanian, russian, sanskrit, serbian, slovak, slovenian, spanish, swedish, swis
sgerman, tamil, telugu, turkish, turkmen, ukenglish, ukrainian, uppersorbian, u
senglishmax, welsh, loaded.
(C:\Spel\MiKTeX\tex\latex\base\article.cls
Document Class: article 2007/10/19 v1.4h Standard LaTeX document class
(C:\Spel\MiKTeX\tex\latex\base\size10.clo
File: size10.clo 2007/10/19 v1.4h Standard LaTeX file (size option)
)
\c@part=\count79
\c@section=\count80
\c@subsection=\count81
\c@subsubsection=\count82
\c@paragraph=\count83
\c@subparagraph=\count84
\c@figure=\count85
\c@table=\count86
\abovecaptionskip=\skip41
\belowcaptionskip=\skip42
\bibindent=\dimen102
)
(C:\Spel\MiKTeX\tex\latex\pdfpages\pdfpages.sty
Package: pdfpages 2013/08/25 v0.4v Insert pages of external PDF documents (AM)

(C:\Spel\MiKTeX\tex\latex\base\ifthen.sty
Package: ifthen 2001/05/26 v1.1c Standard LaTeX ifthen package (DPC)
)
(C:\Spel\MiKTeX\tex\latex\tools\calc.sty
Package: calc 2007/08/22 v4.3 Infix arithmetic (KKT,FJ)
\calc@Acount=\count87
\calc@Bcount=\count88
\calc@Adimen=\dimen103
\calc@Bdimen=\dimen104
\calc@Askip=\skip43
\calc@Bskip=\skip44
LaTeX Info: Redefining \setlength on input line 76.
LaTeX Info: Redefining \addtolength on input line 77.
\calc@Ccount=\count89
\calc@Cskip=\skip45
)
(C:\Spel\MiKTeX\tex\latex\eso-pic\eso-pic.sty
Package: eso-pic 2013/10/06 v2.0d eso-pic (RN)

(C:\Spel\MiKTeX\tex\generic\oberdiek\atbegshi.sty
Package: atbegshi 2011/10/05 v1.16 At begin shipout hook (HO)

(C:\Spel\MiKTeX\tex\generic\oberdiek\infwarerr.sty
Package: infwarerr 2010/04/08 v1.3 Providing info/warning/error messages (HO)
)
(C:\Spel\MiKTeX\tex\generic\oberdiek\ltxcmds.sty
Package: ltxcmds 2011/11/09 v1.22 LaTeX kernel commands for general use (HO)
)
(C:\Spel\MiKTeX\tex\generic\oberdiek\ifpdf.sty
Package: ifpdf 2011/01/30 v2.3 Provides the ifpdf switch (HO)
Package ifpdf Info: pdfTeX in PDF mode is detected.
))
(C:\Spel\MiKTeX\tex\latex\graphics\keyval.sty
Package: keyval 1999/03/16 v1.13 key=value parser (DPC)
\KV@toks@=\toks14
)
(C:\Spel\MiKTeX\tex\latex\xcolor\xcolor.sty
Package: xcolor 2007/01/21 v2.11 LaTeX color extensions (UK)

(C:\Spel\MiKTeX\tex\latex\00miktex\color.cfg
File: color.cfg 2007/01/18 v1.5 color configuration of teTeX/TeXLive
)
Package xcolor Info: Driver file: pdftex.def on input line 225.

(C:\Spel\MiKTeX\tex\latex\pdftex-def\pdftex.def
File: pdftex.def 2011/05/27 v0.06d Graphics/color for pdfTeX
\Gread@gobject=\count90
)
Package xcolor Info: Model `cmy' substituted by `cmy0' on input line 1337.
Package xcolor Info: Model `hsb' substituted by `rgb' on input line 1341.
Package xcolor Info: Model `RGB' extended on input line 1353.
Package xcolor Info: Model `HTML' substituted by `rgb' on input line 1355.
Package xcolor Info: Model `Hsb' substituted by `hsb' on input line 1356.
Package xcolor Info: Model `tHsb' substituted by `hsb' on input line 1357.
Package xcolor Info: Model `HSB' substituted by `hsb' on input line 1358.
Package xcolor Info: Model `Gray' substituted by `gray' on input line 1359.
Package xcolor Info: Model `wave' substituted by `hsb' on input line 1360.
))
(C:\Spel\MiKTeX\tex\latex\graphics\graphicx.sty
Package: graphicx 1999/02/16 v1.0f Enhanced LaTeX Graphics (DPC,SPQR)

(C:\Spel\MiKTeX\tex\latex\graphics\graphics.sty
Package: graphics 2009/02/05 v1.0o Standard LaTeX Graphics (DPC,SPQR)

(C:\Spel\MiKTeX\tex\latex\graphics\trig.sty
Package: trig 1999/03/16 v1.09 sin cos tan (DPC)
)
(C:\Spel\MiKTeX\tex\latex\00miktex\graphics.cfg
File: graphics.cfg 2007/01/18 v1.5 graphics configuration of teTeX/TeXLive
)
Package graphics Info: Driver file: pdftex.def on input line 91.
)
\Gin@req@height=\dimen105
\Gin@req@width=\dimen106
)
(C:\Spel\MiKTeX\tex\latex\pdfpages\pppdftex.def
File: pppdftex.def 2013/08/25 v0.4v Pdfpages driver for pdfTeX (AM)
)
\AM@pagebox=\box26
\AM@toc@title=\toks15
\c@AM@survey=\count91
\AM@templatesizebox=\box27
)
(C:\Users\Patha\Desktop\Finalpresentation\presto4a4.aux)
LaTeX Font Info:    Checking defaults for OML/cmm/m/it on input line 4.
LaTeX Font Info:    ... okay on input line 4.
LaTeX Font Info:    Checking defaults for T1/cmr/m/n on input line 4.
LaTeX Font Info:    ... okay on input line 4.
LaTeX Font Info:    Checking defaults for OT1/cmr/m/n on input line 4.
LaTeX Font Info:    ... okay on input line 4.
LaTeX Font Info:    Checking defaults for OMS/cmsy/m/n on input line 4.
LaTeX Font Info:    ... okay on input line 4.
LaTeX Font Info:    Checking defaults for OMX/cmex/m/n on input line 4.
LaTeX Font Info:    ... okay on input line 4.
LaTeX Font Info:    Checking defaults for U/cmr/m/n on input line 4.
LaTeX Font Info:    ... okay on input line 4.
\AtBeginShipoutBox=\box28

(C:\Spel\MiKTeX\tex\context\base\supp-pdf.mkii
[Loading MPS to PDF converter (version 2006.09.02).]
\scratchcounter=\count92
\scratchdimen=\dimen107
\scratchbox=\box29
\nofMPsegments=\count93
\nofMParguments=\count94
\everyMPshowfont=\toks16
\MPscratchCnt=\count95
\MPscratchDim=\dimen108
\MPnumerator=\count96
\makeMPintoPDFobject=\count97
\everyMPtoPDFconversion=\toks17
) <liupres.pdf, id=1, 364.19562pt x 273.14648pt>
File: liupres.pdf Graphic file (type pdf)
 <use liupres.pdf>
Package pdftex.def Info: liupres.pdf used on input line 6.
(pdftex.def)             Requested size: 364.19473pt x 273.14581pt.
File: liupres.pdf Graphic file (type pdf)

<use liupres.pdf>
Package pdftex.def Info: liupres.pdf used on input line 6.
(pdftex.def)             Requested size: 364.19473pt x 273.14581pt.
 <liupres.pdf, id=4, page=1, 364.19562pt x 273.14648pt>
File: liupres.pdf Graphic file (type pdf)

<use liupres.pdf, page 1>
Package pdftex.def Info: liupres.pdf, page1 used on input line 6.
(pdftex.def)             Requested size: 327.77303pt x 245.82956pt.
File: liupres.pdf Graphic file (type pdf)
 <use liupres.pdf, page 1>
Package pdftex.def Info: liupres.pdf, page1 used on input line 6.
(pdftex.def)             Requested size: 327.77303pt x 245.82956pt.
File: liupres.pdf Graphic file (type pdf)
 <use liupres.pdf, page 1>
Package pdftex.def Info: liupres.pdf, page1 used on input line 6.
(pdftex.def)             Requested size: 327.77303pt x 245.82956pt.

<liupres.pdf, id=5, page=2, 364.19562pt x 273.14648pt>
File: liupres.pdf Graphic file (type pdf)

<use liupres.pdf, page 2>
Package pdftex.def Info: liupres.pdf, page2 used on input line 6.
(pdftex.def)             Requested size: 327.77303pt x 245.82956pt.
File: liupres.pdf Graphic file (type pdf)
 <use liupres.pdf, page 2>
Package pdftex.def Info: liupres.pdf, page2 used on input line 6.
(pdftex.def)             Requested size: 327.77303pt x 245.82956pt.

<liupres.pdf, id=6, page=3, 364.19562pt x 273.14648pt>
File: liupres.pdf Graphic file (type pdf)

<use liupres.pdf, page 3>
Package pdftex.def Info: liupres.pdf, page3 used on input line 6.
(pdftex.def)             Requested size: 327.77303pt x 245.82956pt.
File: liupres.pdf Graphic file (type pdf)
 <use liupres.pdf, page 3>
Package pdftex.def Info: liupres.pdf, page3 used on input line 6.
(pdftex.def)             Requested size: 327.77303pt x 245.82956pt.

<liupres.pdf, id=7, page=4, 364.19562pt x 273.14648pt>
File: liupres.pdf Graphic file (type pdf)

<use liupres.pdf, page 4>
Package pdftex.def Info: liupres.pdf, page4 used on input line 6.
(pdftex.def)             Requested size: 327.77303pt x 245.82956pt.
File: liupres.pdf Graphic file (type pdf)
 <use liupres.pdf, page 4>
Package pdftex.def Info: liupres.pdf, page4 used on input line 6.
(pdftex.def)             Requested size: 327.77303pt x 245.82956pt.
File: liupres.pdf Graphic file (type pdf)
 <use liupres.pdf, page 1>
Package pdftex.def Info: liupres.pdf, page1 used on input line 6.
(pdftex.def)             Requested size: 327.77303pt x 245.82956pt.
File: liupres.pdf Graphic file (type pdf)

<use liupres.pdf, page 2>
Package pdftex.def Info: liupres.pdf, page2 used on input line 6.
(pdftex.def)             Requested size: 327.77303pt x 245.82956pt.
File: liupres.pdf Graphic file (type pdf)
 <use liupres.pdf, page 3>
Package pdftex.def Info: liupres.pdf, page3 used on input line 6.
(pdftex.def)             Requested size: 327.77303pt x 245.82956pt.
File: liupres.pdf Graphic file (type pdf)
 <use liupres.pdf, page 4>
Package pdftex.def Info: liupres.pdf, page4 used on input line 6.
(pdftex.def)             Requested size: 327.77303pt x 245.82956pt.

[1

 <C:/Users/Patha/Desktop/Finalpresentation/liupres.pdf{C:/Users/Patha/AppData/L
ocal/MiKTeX/2.9/pdftex/config/pdftex.map}> <C:/Users/Patha/Desktop/Finalpresent
ation/liupres.pdf> <C:/Users/Patha/Desktop/Finalpresentation/liupres.pdf> <C:/U
sers/Patha/Desktop/Finalpresentation/liupres.pdf>]
<liupres.pdf, id=33, page=5, 364.19562pt x 273.14648pt>
File: liupres.pdf Graphic file (type pdf)

<use liupres.pdf, page 5>
Package pdftex.def Info: liupres.pdf, page5 used on input line 6.
(pdftex.def)             Requested size: 327.77303pt x 245.82956pt.
File: liupres.pdf Graphic file (type pdf)
 <use liupres.pdf, page 5>
Package pdftex.def Info: liupres.pdf, page5 used on input line 6.
(pdftex.def)             Requested size: 327.77303pt x 245.82956pt.

<liupres.pdf, id=34, page=6, 364.19562pt x 273.14648pt>
File: liupres.pdf Graphic file (type pdf)

<use liupres.pdf, page 6>
Package pdftex.def Info: liupres.pdf, page6 used on input line 6.
(pdftex.def)             Requested size: 327.77303pt x 245.82956pt.
File: liupres.pdf Graphic file (type pdf)
 <use liupres.pdf, page 6>
Package pdftex.def Info: liupres.pdf, page6 used on input line 6.
(pdftex.def)             Requested size: 327.77303pt x 245.82956pt.

<liupres.pdf, id=35, page=7, 364.19562pt x 273.14648pt>
File: liupres.pdf Graphic file (type pdf)

<use liupres.pdf, page 7>
Package pdftex.def Info: liupres.pdf, page7 used on input line 6.
(pdftex.def)             Requested size: 327.77303pt x 245.82956pt.
File: liupres.pdf Graphic file (type pdf)
 <use liupres.pdf, page 7>
Package pdftex.def Info: liupres.pdf, page7 used on input line 6.
(pdftex.def)             Requested size: 327.77303pt x 245.82956pt.

<liupres.pdf, id=36, page=8, 364.19562pt x 273.14648pt>
File: liupres.pdf Graphic file (type pdf)

<use liupres.pdf, page 8>
Package pdftex.def Info: liupres.pdf, page8 used on input line 6.
(pdftex.def)             Requested size: 327.77303pt x 245.82956pt.
File: liupres.pdf Graphic file (type pdf)
 <use liupres.pdf, page 8>
Package pdftex.def Info: liupres.pdf, page8 used on input line 6.
(pdftex.def)             Requested size: 327.77303pt x 245.82956pt.
File: liupres.pdf Graphic file (type pdf)
 <use liupres.pdf, page 5>
Package pdftex.def Info: liupres.pdf, page5 used on input line 6.
(pdftex.def)             Requested size: 327.77303pt x 245.82956pt.
File: liupres.pdf Graphic file (type pdf)

<use liupres.pdf, page 6>
Package pdftex.def Info: liupres.pdf, page6 used on input line 6.
(pdftex.def)             Requested size: 327.77303pt x 245.82956pt.
File: liupres.pdf Graphic file (type pdf)
 <use liupres.pdf, page 7>
Package pdftex.def Info: liupres.pdf, page7 used on input line 6.
(pdftex.def)             Requested size: 327.77303pt x 245.82956pt.
File: liupres.pdf Graphic file (type pdf)
 <use liupres.pdf, page 8>
Package pdftex.def Info: liupres.pdf, page8 used on input line 6.
(pdftex.def)             Requested size: 327.77303pt x 245.82956pt.

[2 <C:/Users/Patha/Desktop/Finalpresentation/liupres.pdf> <C:/Users/Patha/Deskt
op/Finalpresentation/liupres.pdf> <C:/Users/Patha/Desktop/Finalpresentation/liu
pres.pdf> <C:/Users/Patha/Desktop/Finalpresentation/liupres.pdf>]
<liupres.pdf, id=47, page=9, 364.19562pt x 273.14648pt>
File: liupres.pdf Graphic file (type pdf)

<use liupres.pdf, page 9>
Package pdftex.def Info: liupres.pdf, page9 used on input line 6.
(pdftex.def)             Requested size: 327.77303pt x 245.82956pt.
File: liupres.pdf Graphic file (type pdf)
 <use liupres.pdf, page 9>
Package pdftex.def Info: liupres.pdf, page9 used on input line 6.
(pdftex.def)             Requested size: 327.77303pt x 245.82956pt.

<liupres.pdf, id=48, page=10, 364.19562pt x 273.14648pt>
File: liupres.pdf Graphic file (type pdf)

<use liupres.pdf, page 10>
Package pdftex.def Info: liupres.pdf, page10 used on input line 6.
(pdftex.def)             Requested size: 327.77303pt x 245.82956pt.
File: liupres.pdf Graphic file (type pdf)
 <use liupres.pdf, page 10>
Package pdftex.def Info: liupres.pdf, page10 used on input line 6.
(pdftex.def)             Requested size: 327.77303pt x 245.82956pt.

<liupres.pdf, id=49, page=11, 364.19562pt x 273.14648pt>
File: liupres.pdf Graphic file (type pdf)

<use liupres.pdf, page 11>
Package pdftex.def Info: liupres.pdf, page11 used on input line 6.
(pdftex.def)             Requested size: 327.77303pt x 245.82956pt.
File: liupres.pdf Graphic file (type pdf)
 <use liupres.pdf, page 11>
Package pdftex.def Info: liupres.pdf, page11 used on input line 6.
(pdftex.def)             Requested size: 327.77303pt x 245.82956pt.

<liupres.pdf, id=50, page=12, 364.19562pt x 273.14648pt>
File: liupres.pdf Graphic file (type pdf)

<use liupres.pdf, page 12>
Package pdftex.def Info: liupres.pdf, page12 used on input line 6.
(pdftex.def)             Requested size: 327.77303pt x 245.82956pt.
File: liupres.pdf Graphic file (type pdf)
 <use liupres.pdf, page 12>
Package pdftex.def Info: liupres.pdf, page12 used on input line 6.
(pdftex.def)             Requested size: 327.77303pt x 245.82956pt.
File: liupres.pdf Graphic file (type pdf)

<use liupres.pdf, page 9>
Package pdftex.def Info: liupres.pdf, page9 used on input line 6.
(pdftex.def)             Requested size: 327.77303pt x 245.82956pt.
File: liupres.pdf Graphic file (type pdf)
 <use liupres.pdf, page 10>
Package pdftex.def Info: liupres.pdf, page10 used on input line 6.
(pdftex.def)             Requested size: 327.77303pt x 245.82956pt.
File: liupres.pdf Graphic file (type pdf)

<use liupres.pdf, page 11>
Package pdftex.def Info: liupres.pdf, page11 used on input line 6.
(pdftex.def)             Requested size: 327.77303pt x 245.82956pt.
File: liupres.pdf Graphic file (type pdf)
 <use liupres.pdf, page 12>
Package pdftex.def Info: liupres.pdf, page12 used on input line 6.
(pdftex.def)             Requested size: 327.77303pt x 245.82956pt.
 [3 <C:/Users/Patha/Desktop/Finalpresentation/liupres.pdf> <C:/Users/Patha/Desk
top/Finalpresentation/liupres.pdf> <C:/Users/Patha/Desktop/Finalpresentation/li
upres.pdf> <C:/Users/Patha/Desktop/Finalpresentation/liupres.pdf>]
<liupres.pdf, id=75, page=13, 364.19562pt x 273.14648pt>
File: liupres.pdf Graphic file (type pdf)

<use liupres.pdf, page 13>
Package pdftex.def Info: liupres.pdf, page13 used on input line 6.
(pdftex.def)             Requested size: 327.77303pt x 245.82956pt.
File: liupres.pdf Graphic file (type pdf)
 <use liupres.pdf, page 13>
Package pdftex.def Info: liupres.pdf, page13 used on input line 6.
(pdftex.def)             Requested size: 327.77303pt x 245.82956pt.

<liupres.pdf, id=76, page=14, 364.19562pt x 273.14648pt>
File: liupres.pdf Graphic file (type pdf)

<use liupres.pdf, page 14>
Package pdftex.def Info: liupres.pdf, page14 used on input line 6.
(pdftex.def)             Requested size: 327.77303pt x 245.82956pt.
File: liupres.pdf Graphic file (type pdf)
 <use liupres.pdf, page 14>
Package pdftex.def Info: liupres.pdf, page14 used on input line 6.
(pdftex.def)             Requested size: 327.77303pt x 245.82956pt.

<liupres.pdf, id=77, page=15, 364.19562pt x 273.14648pt>
File: liupres.pdf Graphic file (type pdf)

<use liupres.pdf, page 15>
Package pdftex.def Info: liupres.pdf, page15 used on input line 6.
(pdftex.def)             Requested size: 327.77303pt x 245.82956pt.
File: liupres.pdf Graphic file (type pdf)
 <use liupres.pdf, page 15>
Package pdftex.def Info: liupres.pdf, page15 used on input line 6.
(pdftex.def)             Requested size: 327.77303pt x 245.82956pt.

<liupres.pdf, id=78, page=16, 364.19562pt x 273.14648pt>
File: liupres.pdf Graphic file (type pdf)

<use liupres.pdf, page 16>
Package pdftex.def Info: liupres.pdf, page16 used on input line 6.
(pdftex.def)             Requested size: 327.77303pt x 245.82956pt.
File: liupres.pdf Graphic file (type pdf)
 <use liupres.pdf, page 16>
Package pdftex.def Info: liupres.pdf, page16 used on input line 6.
(pdftex.def)             Requested size: 327.77303pt x 245.82956pt.
File: liupres.pdf Graphic file (type pdf)

<use liupres.pdf, page 13>
Package pdftex.def Info: liupres.pdf, page13 used on input line 6.
(pdftex.def)             Requested size: 327.77303pt x 245.82956pt.
File: liupres.pdf Graphic file (type pdf)
 <use liupres.pdf, page 14>
Package pdftex.def Info: liupres.pdf, page14 used on input line 6.
(pdftex.def)             Requested size: 327.77303pt x 245.82956pt.
File: liupres.pdf Graphic file (type pdf)

<use liupres.pdf, page 15>
Package pdftex.def Info: liupres.pdf, page15 used on input line 6.
(pdftex.def)             Requested size: 327.77303pt x 245.82956pt.
File: liupres.pdf Graphic file (type pdf)
 <use liupres.pdf, page 16>
Package pdftex.def Info: liupres.pdf, page16 used on input line 6.
(pdftex.def)             Requested size: 327.77303pt x 245.82956pt.
 [4 <C:/Users/Patha/Desktop/Finalpresentation/liupres.pdf> <C:/Users/Patha/Desk
top/Finalpresentation/liupres.pdf> <C:/Users/Patha/Desktop/Finalpresentation/li
upres.pdf> <C:/Users/Patha/Desktop/Finalpresentation/liupres.pdf>]
<liupres.pdf, id=128, page=17, 364.19562pt x 273.14648pt>
File: liupres.pdf Graphic file (type pdf)

<use liupres.pdf, page 17>
Package pdftex.def Info: liupres.pdf, page17 used on input line 6.
(pdftex.def)             Requested size: 327.77303pt x 245.82956pt.
File: liupres.pdf Graphic file (type pdf)
 <use liupres.pdf, page 17>
Package pdftex.def Info: liupres.pdf, page17 used on input line 6.
(pdftex.def)             Requested size: 327.77303pt x 245.82956pt.

<liupres.pdf, id=129, page=18, 364.19562pt x 273.14648pt>
File: liupres.pdf Graphic file (type pdf)

<use liupres.pdf, page 18>
Package pdftex.def Info: liupres.pdf, page18 used on input line 6.
(pdftex.def)             Requested size: 327.77303pt x 245.82956pt.
File: liupres.pdf Graphic file (type pdf)
 <use liupres.pdf, page 18>
Package pdftex.def Info: liupres.pdf, page18 used on input line 6.
(pdftex.def)             Requested size: 327.77303pt x 245.82956pt.

<liupres.pdf, id=130, page=19, 364.19562pt x 273.14648pt>
File: liupres.pdf Graphic file (type pdf)

<use liupres.pdf, page 19>
Package pdftex.def Info: liupres.pdf, page19 used on input line 6.
(pdftex.def)             Requested size: 327.77303pt x 245.82956pt.
File: liupres.pdf Graphic file (type pdf)
 <use liupres.pdf, page 19>
Package pdftex.def Info: liupres.pdf, page19 used on input line 6.
(pdftex.def)             Requested size: 327.77303pt x 245.82956pt.

<liupres.pdf, id=131, page=20, 364.19562pt x 273.14648pt>
File: liupres.pdf Graphic file (type pdf)

<use liupres.pdf, page 20>
Package pdftex.def Info: liupres.pdf, page20 used on input line 6.
(pdftex.def)             Requested size: 327.77303pt x 245.82956pt.
File: liupres.pdf Graphic file (type pdf)
 <use liupres.pdf, page 20>
Package pdftex.def Info: liupres.pdf, page20 used on input line 6.
(pdftex.def)             Requested size: 327.77303pt x 245.82956pt.
File: liupres.pdf Graphic file (type pdf)

<use liupres.pdf, page 17>
Package pdftex.def Info: liupres.pdf, page17 used on input line 6.
(pdftex.def)             Requested size: 327.77303pt x 245.82956pt.
File: liupres.pdf Graphic file (type pdf)
 <use liupres.pdf, page 18>
Package pdftex.def Info: liupres.pdf, page18 used on input line 6.
(pdftex.def)             Requested size: 327.77303pt x 245.82956pt.
File: liupres.pdf Graphic file (type pdf)

<use liupres.pdf, page 19>
Package pdftex.def Info: liupres.pdf, page19 used on input line 6.
(pdftex.def)             Requested size: 327.77303pt x 245.82956pt.
File: liupres.pdf Graphic file (type pdf)
 <use liupres.pdf, page 20>
Package pdftex.def Info: liupres.pdf, page20 used on input line 6.
(pdftex.def)             Requested size: 327.77303pt x 245.82956pt.
 [5 <C:/Users/Patha/Desktop/Finalpresentation/liupres.pdf> <C:/Users/Patha/Desk
top/Finalpresentation/liupres.pdf> <C:/Users/Patha/Desktop/Finalpresentation/li
upres.pdf> <C:/Users/Patha/Desktop/Finalpresentation/liupres.pdf>]
<liupres.pdf, id=135, page=21, 364.19562pt x 273.14648pt>
File: liupres.pdf Graphic file (type pdf)

<use liupres.pdf, page 21>
Package pdftex.def Info: liupres.pdf, page21 used on input line 6.
(pdftex.def)             Requested size: 327.77303pt x 245.82956pt.
File: liupres.pdf Graphic file (type pdf)
 <use liupres.pdf, page 21>
Package pdftex.def Info: liupres.pdf, page21 used on input line 6.
(pdftex.def)             Requested size: 327.77303pt x 245.82956pt.

<liupres.pdf, id=136, page=22, 364.19562pt x 273.14648pt>
File: liupres.pdf Graphic file (type pdf)

<use liupres.pdf, page 22>
Package pdftex.def Info: liupres.pdf, page22 used on input line 6.
(pdftex.def)             Requested size: 327.77303pt x 245.82956pt.
File: liupres.pdf Graphic file (type pdf)
 <use liupres.pdf, page 22>
Package pdftex.def Info: liupres.pdf, page22 used on input line 6.
(pdftex.def)             Requested size: 327.77303pt x 245.82956pt.

<liupres.pdf, id=137, page=23, 364.19562pt x 273.14648pt>
File: liupres.pdf Graphic file (type pdf)

<use liupres.pdf, page 23>
Package pdftex.def Info: liupres.pdf, page23 used on input line 6.
(pdftex.def)             Requested size: 327.77303pt x 245.82956pt.
File: liupres.pdf Graphic file (type pdf)
 <use liupres.pdf, page 23>
Package pdftex.def Info: liupres.pdf, page23 used on input line 6.
(pdftex.def)             Requested size: 327.77303pt x 245.82956pt.

<liupres.pdf, id=138, page=24, 364.19562pt x 273.14648pt>
File: liupres.pdf Graphic file (type pdf)

<use liupres.pdf, page 24>
Package pdftex.def Info: liupres.pdf, page24 used on input line 6.
(pdftex.def)             Requested size: 327.77303pt x 245.82956pt.
File: liupres.pdf Graphic file (type pdf)
 <use liupres.pdf, page 24>
Package pdftex.def Info: liupres.pdf, page24 used on input line 6.
(pdftex.def)             Requested size: 327.77303pt x 245.82956pt.
File: liupres.pdf Graphic file (type pdf)

<use liupres.pdf, page 21>
Package pdftex.def Info: liupres.pdf, page21 used on input line 6.
(pdftex.def)             Requested size: 327.77303pt x 245.82956pt.
File: liupres.pdf Graphic file (type pdf)
 <use liupres.pdf, page 22>
Package pdftex.def Info: liupres.pdf, page22 used on input line 6.
(pdftex.def)             Requested size: 327.77303pt x 245.82956pt.
File: liupres.pdf Graphic file (type pdf)

<use liupres.pdf, page 23>
Package pdftex.def Info: liupres.pdf, page23 used on input line 6.
(pdftex.def)             Requested size: 327.77303pt x 245.82956pt.
File: liupres.pdf Graphic file (type pdf)
 <use liupres.pdf, page 24>
Package pdftex.def Info: liupres.pdf, page24 used on input line 6.
(pdftex.def)             Requested size: 327.77303pt x 245.82956pt.
 [6 <C:/Users/Patha/Desktop/Finalpresentation/liupres.pdf> <C:/Users/Patha/Desk
top/Finalpresentation/liupres.pdf> <C:/Users/Patha/Desktop/Finalpresentation/li
upres.pdf> <C:/Users/Patha/Desktop/Finalpresentation/liupres.pdf>]
<liupres.pdf, id=147, page=25, 364.19562pt x 273.14648pt>
File: liupres.pdf Graphic file (type pdf)

<use liupres.pdf, page 25>
Package pdftex.def Info: liupres.pdf, page25 used on input line 6.
(pdftex.def)             Requested size: 327.77303pt x 245.82956pt.
File: liupres.pdf Graphic file (type pdf)
 <use liupres.pdf, page 25>
Package pdftex.def Info: liupres.pdf, page25 used on input line 6.
(pdftex.def)             Requested size: 327.77303pt x 245.82956pt.

<liupres.pdf, id=148, page=26, 364.19562pt x 273.14648pt>
File: liupres.pdf Graphic file (type pdf)

<use liupres.pdf, page 26>
Package pdftex.def Info: liupres.pdf, page26 used on input line 6.
(pdftex.def)             Requested size: 327.77303pt x 245.82956pt.
File: liupres.pdf Graphic file (type pdf)
 <use liupres.pdf, page 26>
Package pdftex.def Info: liupres.pdf, page26 used on input line 6.
(pdftex.def)             Requested size: 327.77303pt x 245.82956pt.

<liupres.pdf, id=149, page=27, 364.19562pt x 273.14648pt>
File: liupres.pdf Graphic file (type pdf)

<use liupres.pdf, page 27>
Package pdftex.def Info: liupres.pdf, page27 used on input line 6.
(pdftex.def)             Requested size: 327.77303pt x 245.82956pt.
File: liupres.pdf Graphic file (type pdf)
 <use liupres.pdf, page 27>
Package pdftex.def Info: liupres.pdf, page27 used on input line 6.
(pdftex.def)             Requested size: 327.77303pt x 245.82956pt.

<liupres.pdf, id=150, page=28, 364.19562pt x 273.14648pt>
File: liupres.pdf Graphic file (type pdf)

<use liupres.pdf, page 28>
Package pdftex.def Info: liupres.pdf, page28 used on input line 6.
(pdftex.def)             Requested size: 327.77303pt x 245.82956pt.
File: liupres.pdf Graphic file (type pdf)
 <use liupres.pdf, page 28>
Package pdftex.def Info: liupres.pdf, page28 used on input line 6.
(pdftex.def)             Requested size: 327.77303pt x 245.82956pt.
File: liupres.pdf Graphic file (type pdf)

<use liupres.pdf, page 25>
Package pdftex.def Info: liupres.pdf, page25 used on input line 6.
(pdftex.def)             Requested size: 327.77303pt x 245.82956pt.
File: liupres.pdf Graphic file (type pdf)
 <use liupres.pdf, page 26>
Package pdftex.def Info: liupres.pdf, page26 used on input line 6.
(pdftex.def)             Requested size: 327.77303pt x 245.82956pt.
File: liupres.pdf Graphic file (type pdf)

<use liupres.pdf, page 27>
Package pdftex.def Info: liupres.pdf, page27 used on input line 6.
(pdftex.def)             Requested size: 327.77303pt x 245.82956pt.
File: liupres.pdf Graphic file (type pdf)
 <use liupres.pdf, page 28>
Package pdftex.def Info: liupres.pdf, page28 used on input line 6.
(pdftex.def)             Requested size: 327.77303pt x 245.82956pt.
 [7 <C:/Users/Patha/Desktop/Finalpresentation/liupres.pdf> <C:/Users/Patha/Desk
top/Finalpresentation/liupres.pdf> <C:/Users/Patha/Desktop/Finalpresentation/li
upres.pdf> <C:/Users/Patha/Desktop/Finalpresentation/liupres.pdf>]
<liupres.pdf, id=249, page=29, 364.19562pt x 273.14648pt>
File: liupres.pdf Graphic file (type pdf)

<use liupres.pdf, page 29>
Package pdftex.def Info: liupres.pdf, page29 used on input line 6.
(pdftex.def)             Requested size: 327.77303pt x 245.82956pt.
File: liupres.pdf Graphic file (type pdf)
 <use liupres.pdf, page 29>
Package pdftex.def Info: liupres.pdf, page29 used on input line 6.
(pdftex.def)             Requested size: 327.77303pt x 245.82956pt.

<liupres.pdf, id=250, page=30, 364.19562pt x 273.14648pt>
File: liupres.pdf Graphic file (type pdf)

<use liupres.pdf, page 30>
Package pdftex.def Info: liupres.pdf, page30 used on input line 6.
(pdftex.def)             Requested size: 327.77303pt x 245.82956pt.
File: liupres.pdf Graphic file (type pdf)
 <use liupres.pdf, page 30>
Package pdftex.def Info: liupres.pdf, page30 used on input line 6.
(pdftex.def)             Requested size: 327.77303pt x 245.82956pt.

<liupres.pdf, id=251, page=31, 364.19562pt x 273.14648pt>
File: liupres.pdf Graphic file (type pdf)

<use liupres.pdf, page 31>
Package pdftex.def Info: liupres.pdf, page31 used on input line 6.
(pdftex.def)             Requested size: 327.77303pt x 245.82956pt.
File: liupres.pdf Graphic file (type pdf)
 <use liupres.pdf, page 31>
Package pdftex.def Info: liupres.pdf, page31 used on input line 6.
(pdftex.def)             Requested size: 327.77303pt x 245.82956pt.

<liupres.pdf, id=252, page=32, 364.19562pt x 273.14648pt>
File: liupres.pdf Graphic file (type pdf)

<use liupres.pdf, page 32>
Package pdftex.def Info: liupres.pdf, page32 used on input line 6.
(pdftex.def)             Requested size: 327.77303pt x 245.82956pt.
File: liupres.pdf Graphic file (type pdf)
 <use liupres.pdf, page 32>
Package pdftex.def Info: liupres.pdf, page32 used on input line 6.
(pdftex.def)             Requested size: 327.77303pt x 245.82956pt.
File: liupres.pdf Graphic file (type pdf)

<use liupres.pdf, page 29>
Package pdftex.def Info: liupres.pdf, page29 used on input line 6.
(pdftex.def)             Requested size: 327.77303pt x 245.82956pt.
File: liupres.pdf Graphic file (type pdf)
 <use liupres.pdf, page 30>
Package pdftex.def Info: liupres.pdf, page30 used on input line 6.
(pdftex.def)             Requested size: 327.77303pt x 245.82956pt.
File: liupres.pdf Graphic file (type pdf)

<use liupres.pdf, page 31>
Package pdftex.def Info: liupres.pdf, page31 used on input line 6.
(pdftex.def)             Requested size: 327.77303pt x 245.82956pt.
File: liupres.pdf Graphic file (type pdf)
 <use liupres.pdf, page 32>
Package pdftex.def Info: liupres.pdf, page32 used on input line 6.
(pdftex.def)             Requested size: 327.77303pt x 245.82956pt.
 [8 <C:/Users/Patha/Desktop/Finalpresentation/liupres.pdf> <C:/Users/Patha/Desk
top/Finalpresentation/liupres.pdf> <C:/Users/Patha/Desktop/Finalpresentation/li
upres.pdf> <C:/Users/Patha/Desktop/Finalpresentation/liupres.pdf>]
<liupres.pdf, id=256, page=33, 364.19562pt x 273.14648pt>
File: liupres.pdf Graphic file (type pdf)

<use liupres.pdf, page 33>
Package pdftex.def Info: liupres.pdf, page33 used on input line 6.
(pdftex.def)             Requested size: 327.77303pt x 245.82956pt.
File: liupres.pdf Graphic file (type pdf)
 <use liupres.pdf, page 33>
Package pdftex.def Info: liupres.pdf, page33 used on input line 6.
(pdftex.def)             Requested size: 327.77303pt x 245.82956pt.

<liupres.pdf, id=257, page=34, 364.19562pt x 273.14648pt>
File: liupres.pdf Graphic file (type pdf)

<use liupres.pdf, page 34>
Package pdftex.def Info: liupres.pdf, page34 used on input line 6.
(pdftex.def)             Requested size: 327.77303pt x 245.82956pt.
File: liupres.pdf Graphic file (type pdf)
 <use liupres.pdf, page 34>
Package pdftex.def Info: liupres.pdf, page34 used on input line 6.
(pdftex.def)             Requested size: 327.77303pt x 245.82956pt.

<liupres.pdf, id=258, page=35, 364.19562pt x 273.14648pt>
File: liupres.pdf Graphic file (type pdf)

<use liupres.pdf, page 35>
Package pdftex.def Info: liupres.pdf, page35 used on input line 6.
(pdftex.def)             Requested size: 327.77303pt x 245.82956pt.
File: liupres.pdf Graphic file (type pdf)
 <use liupres.pdf, page 35>
Package pdftex.def Info: liupres.pdf, page35 used on input line 6.
(pdftex.def)             Requested size: 327.77303pt x 245.82956pt.

<liupres.pdf, id=259, page=36, 364.19562pt x 273.14648pt>
File: liupres.pdf Graphic file (type pdf)

<use liupres.pdf, page 36>
Package pdftex.def Info: liupres.pdf, page36 used on input line 6.
(pdftex.def)             Requested size: 327.77303pt x 245.82956pt.
File: liupres.pdf Graphic file (type pdf)
 <use liupres.pdf, page 36>
Package pdftex.def Info: liupres.pdf, page36 used on input line 6.
(pdftex.def)             Requested size: 327.77303pt x 245.82956pt.
File: liupres.pdf Graphic file (type pdf)

<use liupres.pdf, page 33>
Package pdftex.def Info: liupres.pdf, page33 used on input line 6.
(pdftex.def)             Requested size: 327.77303pt x 245.82956pt.
File: liupres.pdf Graphic file (type pdf)
 <use liupres.pdf, page 34>
Package pdftex.def Info: liupres.pdf, page34 used on input line 6.
(pdftex.def)             Requested size: 327.77303pt x 245.82956pt.
File: liupres.pdf Graphic file (type pdf)

<use liupres.pdf, page 35>
Package pdftex.def Info: liupres.pdf, page35 used on input line 6.
(pdftex.def)             Requested size: 327.77303pt x 245.82956pt.
File: liupres.pdf Graphic file (type pdf)
 <use liupres.pdf, page 36>
Package pdftex.def Info: liupres.pdf, page36 used on input line 6.
(pdftex.def)             Requested size: 327.77303pt x 245.82956pt.
 [9 <C:/Users/Patha/Desktop/Finalpresentation/liupres.pdf> <C:/Users/Patha/Desk
top/Finalpresentation/liupres.pdf> <C:/Users/Patha/Desktop/Finalpresentation/li
upres.pdf> <C:/Users/Patha/Desktop/Finalpresentation/liupres.pdf>]
<liupres.pdf, id=263, page=37, 364.19562pt x 273.14648pt>
File: liupres.pdf Graphic file (type pdf)

<use liupres.pdf, page 37>
Package pdftex.def Info: liupres.pdf, page37 used on input line 6.
(pdftex.def)             Requested size: 327.77303pt x 245.82956pt.
File: liupres.pdf Graphic file (type pdf)
 <use liupres.pdf, page 37>
Package pdftex.def Info: liupres.pdf, page37 used on input line 6.
(pdftex.def)             Requested size: 327.77303pt x 245.82956pt.

<liupres.pdf, id=264, page=38, 364.19562pt x 273.14648pt>
File: liupres.pdf Graphic file (type pdf)

<use liupres.pdf, page 38>
Package pdftex.def Info: liupres.pdf, page38 used on input line 6.
(pdftex.def)             Requested size: 327.77303pt x 245.82956pt.
File: liupres.pdf Graphic file (type pdf)
 <use liupres.pdf, page 38>
Package pdftex.def Info: liupres.pdf, page38 used on input line 6.
(pdftex.def)             Requested size: 327.77303pt x 245.82956pt.
File: liupres.pdf Graphic file (type pdf)

<use liupres.pdf, page 1>
Package pdftex.def Info: liupres.pdf, page1 used on input line 6.
(pdftex.def)             Requested size: 327.77303pt x 245.82956pt.
File: liupres.pdf Graphic file (type pdf)
 <use liupres.pdf, page 1>
Package pdftex.def Info: liupres.pdf, page1 used on input line 6.
(pdftex.def)             Requested size: 327.77303pt x 245.82956pt.
File: liupres.pdf Graphic file (type pdf)
 <use liupres.pdf, page 1>
Package pdftex.def Info: liupres.pdf, page1 used on input line 6.
(pdftex.def)             Requested size: 327.77303pt x 245.82956pt.
File: liupres.pdf Graphic file (type pdf)

<use liupres.pdf, page 1>
Package pdftex.def Info: liupres.pdf, page1 used on input line 6.
(pdftex.def)             Requested size: 327.77303pt x 245.82956pt.
File: liupres.pdf Graphic file (type pdf)
 <use liupres.pdf, page 37>
Package pdftex.def Info: liupres.pdf, page37 used on input line 6.
(pdftex.def)             Requested size: 327.77303pt x 245.82956pt.
File: liupres.pdf Graphic file (type pdf)

<use liupres.pdf, page 38>
Package pdftex.def Info: liupres.pdf, page38 used on input line 6.
(pdftex.def)             Requested size: 327.77303pt x 245.82956pt.
 [10 <C:/Users/Patha/Desktop/Finalpresentation/liupres.pdf> <C:/Users/Patha/Des
ktop/Finalpresentation/liupres.pdf>]
(C:\Users\Patha\Desktop\Finalpresentation\presto4a4.aux) ) 
Here is how much of TeX's memory you used:
 2475 strings out of 494045
 34252 string characters out of 3153626
 92051 words of memory out of 3000000
 5787 multiletter control sequences out of 15000+200000
 3640 words of font info for 14 fonts, out of 3000000 for 9000
 715 hyphenation exceptions out of 8191
 41i,20n,47p,226b,450s stack positions out of 5000i,500n,10000p,200000b,50000s
<C:/Spel/MiKTeX/fonts
/type1/public/amsfonts/cm/cmex10.pfb><C:/Spel/MiKTeX/fonts/type1/public/amsfont
s/cm/cmmi10.pfb><C:/Spel/MiKTeX/fonts/type1/public/amsfonts/cm/cmmi7.pfb><C:/Sp
el/MiKTeX/fonts/type1/public/amsfonts/cm/cmmi8.pfb><C:/Spel/MiKTeX/fonts/type1/
public/amsfonts/cm/cmss10.pfb><C:/Spel/MiKTeX/fonts/type1/public/amsfonts/cm/cm
ss12.pfb><C:/Spel/MiKTeX/fonts/type1/public/amsfonts/cm/cmss8.pfb><C:/Spel/MiKT
eX/fonts/type1/public/amsfonts/cm/cmssi10.pfb><C:/Spel/MiKTeX/fonts/type1/publi
c/amsfonts/cm/cmssi8.pfb><C:/Spel/MiKTeX/fonts/type1/public/amsfonts/cm/cmsy10.
pfb><C:/Spel/MiKTeX/fonts/type1/public/amsfonts/cm/cmsy7.pfb><C:/Spel/MiKTeX/fo
nts/type1/public/amsfonts/cm/cmsy8.pfb>
Output written on presto4a4.pdf (10 pages, 2519622 bytes).
PDF statistics:
 287 PDF objects out of 1000 (max. 8388607)
 0 named destinations out of 1000 (max. 500000)
 206 words of extra memory for PDF output out of 10000 (max. 10000000)

